#
# A fatal error has been detected by the Java Runtime Environment:
#
#  SIGSEGV (0xb) at pc=0x00007f7fe835e94e, pid=4223, tid=140187217102592
#
# JRE version: 6.0_23-b23
# Java VM: OpenJDK 64-Bit Server VM (20.0-b11 mixed mode linux-amd64 compressed oops)
# Derivative: IcedTea6 1.11pre
# Distribution: Ubuntu 11.10, package 6b23~pre11-0ubuntu1.11.10
# Problematic frame:
# V  [libjvm.so+0x5bc94e]  PhaseIdealLoop::build_loop_late_post(Node*)+0x14e
#
# If you would like to submit a bug report, please include
# instructions how to reproduce the bug and visit:
#   https://bugs.launchpad.net/ubuntu/+source/openjdk-6/
#

---------------  T H R E A D  ---------------

Current thread (0x0000000001053000):  JavaThread "C2 CompilerThread1" daemon [_thread_in_native, id=4234, stack(0x00007f7fe1370000,0x00007f7fe1471000)]

siginfo:si_signo=SIGSEGV: si_errno=0, si_code=1 (SEGV_MAPERR), si_addr=0x0000000000000008

Registers:
RAX=0x0000000000000000, RBX=0x00007f7fe146d830, RCX=0x00007f7fdc058aa0, RDX=0x0000000000002000
RSP=0x00007f7fe146c070, RBP=0x00007f7fe146c0b0, RSI=0x00007f7fdc76d520, RDI=0x0000000000000000
R8 =0x00007f7fdc11ac60, R9 =0x00007f7fe146d830, R10=0x00007f7fdc76d520, R11=0x0000000000000000
R12=0x00007f7fdc47f350, R13=0x00007f7fdc409178, R14=0x00007f7fe146d850, R15=0x00007f7fdc4e7f58
RIP=0x00007f7fe835e94e, EFLAGS=0x0000000000010287, CSGSFS=0x0000000000000033, ERR=0x0000000000000004
  TRAPNO=0x000000000000000e

Top of Stack: (sp=0x00007f7fe146c070)
0x00007f7fe146c070:   00007f7fdc4d6768 00007f7fe146c350
0x00007f7fe146c080:   00007f7fe146c0b0 00007f7fe146d830
0x00007f7fe146c090:   0000000000000002 00007f7fdc47f350
0x00007f7fe146c0a0:   00007f7fdc4ef848 00007f7fe146c350
0x00007f7fe146c0b0:   00007f7fe146c120 00007f7fe835eebb
0x00007f7fe146c0c0:   00007f7fdc4f4ba0 0000000000000100
0x00007f7fe146c0d0:   00007f7f00000001 00007f7fe146e1d0
0x00007f7fe146c0e0:   00007f7fe146c370 00007f7fe146c310
0x00007f7fe146c0f0:   00000000000017f8 00007f7fe146d830
0x00007f7fe146c100:   0000000000000007 0000000000000001
0x00007f7fe146c110:   0000000000000001 00007f7fdc4f4ba0
0x00007f7fe146c120:   00007f7fe146c3c0 00007f7fe835fa82
0x00007f7fe146c130:   00007f7fdc699db0 00007f7fdc4f4b30
0x00007f7fe146c140:   00007f7fe146c150 00007f7fe146d850
0x00007f7fe146c150:   00007f7fe146c1b0 00007f7fe81918ce
0x00007f7fe146c160:   00007f7fdc63f330 00007f7fdc4032a8
0x00007f7fe146c170:   0000000000000000 0000000000000038
0x00007f7fe146c180:   00007f7fdc63f330 00007f7fe146ef50
0x00007f7fe146c190:   00007f7fe8947f2a 00007f7fe8963b58
0x00007f7fe146c1a0:   00007f7fe146cdd8 00007f7fe146cdf8
0x00007f7fe146c1b0:   00007f7fe146c1e0 00007f7fe83d2814
0x00007f7fe146c1c0:   00007f7fdc4ea650 00007f7fe146c2b0
0x00007f7fe146c1d0:   00007f7fe146c1e0 00007f7fe80ae402
0x00007f7fe146c1e0:   00007f7fe146c240 00007f7fe8212ea5
0x00007f7fe146c1f0:   00007f7fdc65bf90 00007f7fdc248510
0x00007f7fe146c200:   00007f7fdc15a980 00000000e842708d
0x00007f7fe146c210:   00007f7fe146cdf8 0000000000010040
0x00007f7fe146c220:   00007f7fe146c410 00007f7fe146c410
0x00007f7fe146c230:   00007f7fdc2485c0 00007f7fdc248558
0x00007f7fe146c240:   00007f7fe146c330 00007f7fdc000020
0x00007f7fe146c250:   00007f7fe146c2e0 0000000000010010
0x00007f7fe146c260:   00007f7fdc307e70 0000000000010000 

Instructions: (pc=0x00007f7fe835e94e)
0x00007f7fe835e92e:   4c 39 e8 0f 84 ad 03 00 00 8b 70 28 49 89 c7 0f
0x00007f7fe835e93e:   1f 00 4c 8b 93 e0 09 00 00 49 8d 34 f2 48 8b 06
0x00007f7fe835e94e:   48 8b 50 08 48 83 3a 00 75 27 8b 4b 28 0f 1f 44
0x00007f7fe835e95e:   00 00 8b 50 28 31 c0 39 ca 73 0c 48 8b 43 30 48 

Register to memory mapping:

RAX=0x0000000000000000 is an unknown value
RBX=0x00007f7fe146d830 is pointing into the stack for thread: 0x0000000001053000
RCX=0x00007f7fdc058aa0 is an unknown value
RDX=0x0000000000002000 is an unknown value
RSP=0x00007f7fe146c070 is pointing into the stack for thread: 0x0000000001053000
RBP=0x00007f7fe146c0b0 is pointing into the stack for thread: 0x0000000001053000
RSI=0x00007f7fdc76d520 is an unknown value
RDI=0x0000000000000000 is an unknown value
R8 =0x00007f7fdc11ac60 is an unknown value
R9 =0x00007f7fe146d830 is pointing into the stack for thread: 0x0000000001053000
R10=0x00007f7fdc76d520 is an unknown value
R11=0x0000000000000000 is an unknown value
R12=0x00007f7fdc47f350 is an unknown value
R13=0x00007f7fdc409178 is an unknown value
R14=0x00007f7fe146d850 is pointing into the stack for thread: 0x0000000001053000
R15=0x00007f7fdc4e7f58 is an unknown value


Stack: [0x00007f7fe1370000,0x00007f7fe1471000],  sp=0x00007f7fe146c070,  free space=1008k
Native frames: (J=compiled Java code, j=interpreted, Vv=VM code, C=native code)
V  [libjvm.so+0x5bc94e]  PhaseIdealLoop::build_loop_late_post(Node*)+0x14e
V  [libjvm.so+0x5bcebb]  PhaseIdealLoop::build_loop_late(VectorSet&, Node_List&, Node_Stack&)+0x10b
V  [libjvm.so+0x5bda82]  PhaseIdealLoop::build_and_optimize(bool, bool)+0x692
V  [libjvm.so+0x37bc8a]  Compile::Optimize()+0xd2a
V  [libjvm.so+0x37c9f3]  Compile::Compile(ciEnv*, C2Compiler*, ciMethod*, int, bool, bool)+0xad3
V  [libjvm.so+0x3062d0]  C2Compiler::compile_method(ciEnv*, ciMethod*, int)+0xe0
V  [libjvm.so+0x3810d3]  CompileBroker::invoke_compiler_on_method(CompileTask*)+0x2a3
V  [libjvm.so+0x381a1b]  CompileBroker::compiler_thread_loop()+0x45b
V  [libjvm.so+0x74bca8]  JavaThread::thread_main_inner()+0x58
V  [libjvm.so+0x64bc22]  java_start(Thread*)+0x112


Current CompileTask:
C2:5976243 818      jregex.Pretokenizer.next()V (1064 bytes)


---------------  P R O C E S S  ---------------

Java Threads: ( => current thread )
  0x00007f7fd4347000 JavaThread "net.sf.ehcache.CacheManager@7927bd04" daemon [_thread_blocked, id=5412, stack(0x00007f7fdbeff000,0x00007f7fdc000000)]
  0x0000000001767800 JavaThread "New I/O server worker #1-1" [_thread_in_native, id=5411, stack(0x00007f7fe0061000,0x00007f7fe0162000)]
  0x00007f7fd42ff800 JavaThread "com.mchange.v2.async.ThreadPoolAsynchronousRunner$PoolThread-#2" daemon [_thread_blocked, id=4339, stack(0x00007f7fe0162000,0x00007f7fe0263000)]
  0x00007f7fd41e9000 JavaThread "com.mchange.v2.async.ThreadPoolAsynchronousRunner$PoolThread-#1" daemon [_thread_blocked, id=4338, stack(0x00007f7fe0263000,0x00007f7fe0364000)]
  0x00007f7fd42fa800 JavaThread "com.mchange.v2.async.ThreadPoolAsynchronousRunner$PoolThread-#0" daemon [_thread_blocked, id=4337, stack(0x00007f7fe0364000,0x00007f7fe0465000)]
  0x00007f7fd421b000 JavaThread "Timer-0" daemon [_thread_blocked, id=4336, stack(0x00007f7fe0465000,0x00007f7fe0566000)]
  0x00000000011d1000 JavaThread "play-thread-1" [_thread_in_Java, id=4239, stack(0x00007f7fe086e000,0x00007f7fe096f000)]
  0x00007f7fd426e000 JavaThread "DestroyJavaVM" [_thread_blocked, id=4224, stack(0x00007f7fe964b000,0x00007f7fe974c000)]
  0x00007f7fd417e800 JavaThread "New I/O server boss #1 ([id: 0x5c4b82d2, /0:0:0:0:0:0:0:0:9000])" [_thread_in_native, id=4237, stack(0x00007f7fe0a70000,0x00007f7fe0b71000)]
  0x0000000001055000 JavaThread "Low Memory Detector" daemon [_thread_blocked, id=4235, stack(0x00007f7fe126f000,0x00007f7fe1370000)]
=>0x0000000001053000 JavaThread "C2 CompilerThread1" daemon [_thread_in_native, id=4234, stack(0x00007f7fe1370000,0x00007f7fe1471000)]
  0x0000000001050000 JavaThread "C2 CompilerThread0" daemon [_thread_blocked, id=4233, stack(0x00007f7fe1471000,0x00007f7fe1572000)]
  0x0000000001044000 JavaThread "JDWP Event Helper Thread" daemon [_thread_blocked, id=4232, stack(0x00007f7fe1572000,0x00007f7fe1673000)]
  0x0000000001040000 JavaThread "JDWP Transport Listener: dt_socket" daemon [_thread_in_native, id=4231, stack(0x00007f7fe1673000,0x00007f7fe1774000)]
  0x0000000001003800 JavaThread "Signal Dispatcher" daemon [_thread_blocked, id=4230, stack(0x00007f7fe1979000,0x00007f7fe1a7a000)]
  0x0000000000ff2000 JavaThread "Finalizer" daemon [_thread_blocked, id=4229, stack(0x00007f7fe1a7a000,0x00007f7fe1b7b000)]
  0x0000000000fea800 JavaThread "Reference Handler" daemon [_thread_blocked, id=4228, stack(0x00007f7fe1b7b000,0x00007f7fe1c7c000)]

Other Threads:
  0x0000000000fe3800 VMThread [stack: 0x00007f7fe1c7c000,0x00007f7fe1d7d000] [id=4227]
  0x0000000001058000 WatcherThread [stack: 0x00007f7fe116e000,0x00007f7fe126f000] [id=4236]

VM state:not at safepoint (normal execution)

VM Mutex/Monitor currently owned by a thread: None

Heap
 PSYoungGen      total 14912K, used 8019K [0x00000000eb8b0000, 0x00000000ec9c0000, 0x0000000100000000)
  eden space 13120K, 54% used [0x00000000eb8b0000,0x00000000ebfaccb0,0x00000000ec580000)
  from space 1792K, 48% used [0x00000000ec800000,0x00000000ec8d8000,0x00000000ec9c0000)
  to   space 2176K, 0% used [0x00000000ec580000,0x00000000ec580000,0x00000000ec7a0000)
 PSOldGen        total 41920K, used 16722K [0x00000000c2a00000, 0x00000000c52f0000, 0x00000000eb8b0000)
  object space 41920K, 39% used [0x00000000c2a00000,0x00000000c3a54a80,0x00000000c52f0000)
 PSPermGen       total 47936K, used 47761K [0x00000000b8400000, 0x00000000bb2d0000, 0x00000000c2a00000)
  object space 47936K, 99% used [0x00000000b8400000,0x00000000bb2a4598,0x00000000bb2d0000)

Code Cache  [0x00007f7fe2848000, 0x00007f7fe2d58000, 0x00007f7fe5848000)
 total_blobs=1463 nmethods=802 adapters=622 free_code_cache=45111424 largest_free_block=27968

Dynamic libraries:
00400000-00409000 r-xp 00000000 08:01 2496950                            /usr/lib/jvm/java-6-openjdk/jre/bin/java
00608000-00609000 r--p 00008000 08:01 2496950                            /usr/lib/jvm/java-6-openjdk/jre/bin/java
00609000-0060a000 rw-p 00009000 08:01 2496950                            /usr/lib/jvm/java-6-openjdk/jre/bin/java
00f70000-03e65000 rw-p 00000000 00:00 0                                  [heap]
b8400000-bb2d0000 rw-p 00000000 00:00 0 
bb2d0000-c2a00000 rw-p 00000000 00:00 0 
c2a00000-c52f0000 rw-p 00000000 00:00 0 
c52f0000-eb8b0000 rw-p 00000000 00:00 0 
eb8b0000-ec9c0000 rw-p 00000000 00:00 0 
ec9c0000-ee690000 ---p 00000000 00:00 0 
ee690000-100000000 rw-p 00000000 00:00 0 
7f7fd4000000-7f7fd461f000 rw-p 00000000 00:00 0 
7f7fd461f000-7f7fd8000000 ---p 00000000 00:00 0 
7f7fdbeff000-7f7fdbf02000 ---p 00000000 00:00 0 
7f7fdbf02000-7f7fdc000000 rw-p 00000000 00:00 0 
7f7fdc000000-7f7fde938000 rw-p 00000000 00:00 0 
7f7fde938000-7f7fe0000000 ---p 00000000 00:00 0 
7f7fe0061000-7f7fe0064000 ---p 00000000 00:00 0 
7f7fe0064000-7f7fe0162000 rw-p 00000000 00:00 0 
7f7fe0162000-7f7fe0165000 ---p 00000000 00:00 0 
7f7fe0165000-7f7fe0263000 rw-p 00000000 00:00 0 
7f7fe0263000-7f7fe0266000 ---p 00000000 00:00 0 
7f7fe0266000-7f7fe0364000 rw-p 00000000 00:00 0 
7f7fe0364000-7f7fe0367000 ---p 00000000 00:00 0 
7f7fe0367000-7f7fe0465000 rw-p 00000000 00:00 0 
7f7fe0465000-7f7fe0468000 ---p 00000000 00:00 0 
7f7fe0468000-7f7fe0566000 rw-p 00000000 00:00 0 
7f7fe0566000-7f7fe056c000 r-xp 00000000 08:01 2628107                    /usr/lib/jvm/java-6-openjdk/jre/lib/amd64/libmanagement.so
7f7fe056c000-7f7fe076b000 ---p 00006000 08:01 2628107                    /usr/lib/jvm/java-6-openjdk/jre/lib/amd64/libmanagement.so
7f7fe076b000-7f7fe076c000 r--p 00005000 08:01 2628107                    /usr/lib/jvm/java-6-openjdk/jre/lib/amd64/libmanagement.so
7f7fe076c000-7f7fe076d000 rw-p 00006000 08:01 2628107                    /usr/lib/jvm/java-6-openjdk/jre/lib/amd64/libmanagement.so
7f7fe076d000-7f7fe0770000 ---p 00000000 00:00 0 
7f7fe0770000-7f7fe086e000 rw-p 00000000 00:00 0 
7f7fe086e000-7f7fe0871000 ---p 00000000 00:00 0 
7f7fe0871000-7f7fe096f000 rw-p 00000000 00:00 0 
7f7fe096f000-7f7fe0972000 ---p 00000000 00:00 0 
7f7fe0972000-7f7fe0a70000 rw-p 00000000 00:00 0 
7f7fe0a70000-7f7fe0a73000 ---p 00000000 00:00 0 
7f7fe0a73000-7f7fe0b71000 rw-p 00000000 00:00 0 
7f7fe0b71000-7f7fe0b79000 r-xp 00000000 08:01 2628080                    /usr/lib/jvm/java-6-openjdk/jre/lib/amd64/libnio.so
7f7fe0b79000-7f7fe0d78000 ---p 00008000 08:01 2628080                    /usr/lib/jvm/java-6-openjdk/jre/lib/amd64/libnio.so
7f7fe0d78000-7f7fe0d79000 r--p 00007000 08:01 2628080                    /usr/lib/jvm/java-6-openjdk/jre/lib/amd64/libnio.so
7f7fe0d79000-7f7fe0d7a000 rw-p 00008000 08:01 2628080                    /usr/lib/jvm/java-6-openjdk/jre/lib/amd64/libnio.so
7f7fe0d7a000-7f7fe0d8f000 r-xp 00000000 08:01 2628086                    /usr/lib/jvm/java-6-openjdk/jre/lib/amd64/libnet.so
7f7fe0d8f000-7f7fe0f8e000 ---p 00015000 08:01 2628086                    /usr/lib/jvm/java-6-openjdk/jre/lib/amd64/libnet.so
7f7fe0f8e000-7f7fe0f8f000 r--p 00014000 08:01 2628086                    /usr/lib/jvm/java-6-openjdk/jre/lib/amd64/libnet.so
7f7fe0f8f000-7f7fe0f90000 rw-p 00015000 08:01 2628086                    /usr/lib/jvm/java-6-openjdk/jre/lib/amd64/libnet.so
7f7fe0f90000-7f7fe0f97000 r--s 0004d000 08:01 9571879                    /opt/play-1.2.4/framework/lib/async-http-client-1.6.5.jar
7f7fe0f97000-7f7fe0f99000 r--s 00015000 08:01 9571917                    /opt/play-1.2.4/framework/lib/jregex-1.2_01.jar
7f7fe0f99000-7f7fe0fa0000 r--s 00049000 08:01 9571928                    /opt/play-1.2.4/framework/lib/oval-1.50.jar
7f7fe0fa0000-7f7fe0fa2000 r--s 0000d000 08:01 9571887                    /opt/play-1.2.4/framework/lib/commons-fileupload-1.2.2.jar
7f7fe0fa2000-7f7fe0fa3000 r--s 00007000 08:01 9571886                    /opt/play-1.2.4/framework/lib/commons-email-1.2.jar
7f7fe0fa3000-7f7fe0fa8000 r--s 00041000 08:01 9571890                    /opt/play-1.2.4/framework/lib/commons-lang-2.6.jar
7f7fe0fa8000-7f7fe0fab000 r--s 0000f000 08:01 9571900                    /opt/play-1.2.4/framework/lib/hibernate-commons-annotations-3.2.0.Final.jar
7f7fe0fab000-7f7fe0fb1000 r--s 00034000 08:01 9571920                    /opt/play-1.2.4/framework/lib/junit-4.8.1.jar
7f7fe0fb1000-7f7fe0fe3000 r--s 002c7000 08:01 9571902                    /opt/play-1.2.4/framework/lib/hibernate-core-3.6.1.Final.jar
7f7fe0fe3000-7f7fe0ff2000 r--s 000d9000 08:01 9571907                    /opt/play-1.2.4/framework/lib/ivy-2.2.0.jar
7f7fe0ff2000-7f7fe0ff8000 r--s 0007e000 08:01 9571929                    /opt/play-1.2.4/framework/lib/postgresql-9.0.jar
7f7fe0ff8000-7f7fe0ffe000 r--s 00032000 08:01 9571911                    /opt/play-1.2.4/framework/lib/jaxen-1.1.jar
7f7fe0ffe000-7f7fe0fff000 r--s 00000000 08:01 9571910                    /opt/play-1.2.4/framework/lib/javax.inject-1.0.jar
7f7fe0fff000-7f7fe100d000 r--s 0007f000 08:01 9571885                    /opt/play-1.2.4/framework/lib/commons-collections-3.2.1.jar
7f7fe100d000-7f7fe1014000 r--s 00038000 08:01 9571915                    /opt/play-1.2.4/framework/lib/jj-wikitext.jar
7f7fe1014000-7f7fe101a000 r--s 00067000 08:01 9571877                    /opt/play-1.2.4/framework/lib/antlr-2.7.6.jar
7f7fe101a000-7f7fe101f000 r--s 00034000 08:01 9571883                    /opt/play-1.2.4/framework/lib/commons-beanutils-1.8.3.jar
7f7fe101f000-7f7fe1024000 r--s 00020000 08:01 9571912                    /opt/play-1.2.4/framework/lib/jj-imaging.jar
7f7fe1024000-7f7fe1033000 r--s 0007c000 08:01 9571916                    /opt/play-1.2.4/framework/lib/joda-time-2.0.jar
7f7fe1033000-7f7fe1035000 r--s 00001000 08:01 9571918                    /opt/play-1.2.4/framework/lib/jsr107cache-1.0.jar
7f7fe1035000-7f7fe103a000 r--s 00048000 08:01 9571892                    /opt/play-1.2.4/framework/lib/dom4j-1.6.1.jar
7f7fe103a000-7f7fe1043000 r--s 0006d000 08:01 9571922                    /opt/play-1.2.4/framework/lib/log4j-1.2.16.jar
7f7fe1043000-7f7fe106d000 r--s 00427000 08:01 9571927                    /opt/play-1.2.4/framework/lib/org.eclipse.jdt.core-3.8.0.v_C03.jar
7f7fe106d000-7f7fe1070000 r--s 0000f000 08:01 9571895                    /opt/play-1.2.4/framework/lib/geronimo-servlet_2.5_spec-1.2.jar
7f7fe1070000-7f7fe1073000 r--s 00024000 08:01 9571888                    /opt/play-1.2.4/framework/lib/commons-io-2.0.1.jar
7f7fe1073000-7f7fe1075000 r--s 0000d000 08:01 9571891                    /opt/play-1.2.4/framework/lib/commons-logging-1.1.1.jar
7f7fe1075000-7f7fe1078000 r--s 00011000 08:01 9571894                    /opt/play-1.2.4/framework/lib/ezmorph-1.0.3.jar
7f7fe1078000-7f7fe107a000 r--s 0000b000 08:01 9571914                    /opt/play-1.2.4/framework/lib/jj-textile.jar
7f7fe107a000-7f7fe107c000 r--s 0000e000 08:01 9571889                    /opt/play-1.2.4/framework/lib/commons-javaflow-1066591.jar
7f7fe107c000-7f7fe1081000 r--s 00014000 08:01 9571906                    /opt/play-1.2.4/framework/lib/hibernate-jpa-2.0-api-1.0.0.Final.jar
7f7fe1081000-7f7fe1084000 r--s 00022000 08:01 9571908                    /opt/play-1.2.4/framework/lib/jamon-2.7.jar
7f7fe1084000-7f7fe1086000 r--s 00015000 08:01 9571913                    /opt/play-1.2.4/framework/lib/jj-simplecaptcha.jar
7f7fe1086000-7f7fe1088000 r--s 00008000 08:01 9571930                    /opt/play-1.2.4/framework/lib/signpost-core-1.2.jar
7f7fe1088000-7f7fe108a000 r--s 00002000 08:01 9571919                    /opt/play-1.2.4/framework/lib/jta-1.1.jar
7f7fe108a000-7f7fe1092000 r--s 0008a000 08:01 9571909                    /opt/play-1.2.4/framework/lib/javassist-3.9.0.GA.jar
7f7fe1092000-7f7fe10e6000 r--s 00520000 08:01 9571896                    /opt/play-1.2.4/framework/lib/groovy-all-1.7.10.jar
7f7fe10e6000-7f7fe10f1000 r--s 00124000 08:01 9571898                    /opt/play-1.2.4/framework/lib/h2-1.3.149.jar
7f7fe10f1000-7f7fe10f6000 r--s 0002e000 08:01 9571878                    /opt/play-1.2.4/framework/lib/asm-all-3.3.1.jar
7f7fe10f6000-7f7fe10fd000 r--s 0006a000 08:01 9571923                    /opt/play-1.2.4/framework/lib/mail-1.4.3.jar
7f7fe10fd000-7f7fe1108000 r--s 0005a000 08:01 9571934                    /opt/play-1.2.4/framework/lib/xstream-1.3.jar
7f7fe1108000-7f7fe1118000 r--s 000b2000 08:01 9571926                    /opt/play-1.2.4/framework/lib/netty-3.2.5.Final.jar
7f7fe1118000-7f7fe111e000 r--s 00049000 08:01 9571882                    /opt/play-1.2.4/framework/lib/cglib-nodep-2.2.jar
7f7fe111e000-7f7fe1124000 r--s 00038000 08:01 9571933                    /opt/play-1.2.4/framework/lib/snakeyaml-1.7.jar
7f7fe1124000-7f7fe112d000 r--s 0005d000 08:01 9571904                    /opt/play-1.2.4/framework/lib/hibernate-entitymanager-3.6.0.Final.jar
7f7fe112d000-7f7fe1152000 r--s 00172000 08:01 9571880                    /opt/play-1.2.4/framework/lib/bcprov-jdk15-1.45.jar
7f7fe1152000-7f7fe1158000 r--s 00040000 08:01 9571924                    /opt/play-1.2.4/framework/lib/memcached-2.6.jar
7f7fe1158000-7f7fe115a000 r--s 0000c000 08:01 9571876                    /opt/play-1.2.4/framework/lib/activation-1.1.1.jar
7f7fe115a000-7f7fe1161000 r--s 000b7000 08:01 9571925                    /opt/play-1.2.4/framework/lib/mysql-connector-java-5.1.13.jar
7f7fe1161000-7f7fe1163000 r--s 0000d000 08:01 9571884                    /opt/play-1.2.4/framework/lib/commons-codec-1.4.jar
7f7fe1163000-7f7fe116e000 r--s 0008b000 08:01 9571881                    /opt/play-1.2.4/framework/lib/c3p0-0.9.1.2.jar
7f7fe116e000-7f7fe116f000 ---p 00000000 00:00 0 
7f7fe116f000-7f7fe126f000 rw-p 00000000 00:00 0 
7f7fe126f000-7f7fe1272000 ---p 00000000 00:00 0 
7f7fe1272000-7f7fe1370000 rw-p 00000000 00:00 0 
7f7fe1370000-7f7fe1373000 ---p 00000000 00:00 0 
7f7fe1373000-7f7fe1471000 rw-p 00000000 00:00 0 
7f7fe1471000-7f7fe1474000 ---p 00000000 00:00 0 
7f7fe1474000-7f7fe1572000 rw-p 00000000 00:00 0 
7f7fe1572000-7f7fe1575000 ---p 00000000 00:00 0 
7f7fe1575000-7f7fe1673000 rw-p 00000000 00:00 0 
7f7fe1673000-7f7fe1676000 ---p 00000000 00:00 0 
7f7fe1676000-7f7fe1774000 rw-p 00000000 00:00 0 
7f7fe1774000-7f7fe1778000 r-xp 00000000 08:01 2628079                    /usr/lib/jvm/java-6-openjdk/jre/lib/amd64/libdt_socket.so
7f7fe1778000-7f7fe1977000 ---p 00004000 08:01 2628079                    /usr/lib/jvm/java-6-openjdk/jre/lib/amd64/libdt_socket.so
7f7fe1977000-7f7fe1978000 r--p 00003000 08:01 2628079                    /usr/lib/jvm/java-6-openjdk/jre/lib/amd64/libdt_socket.so
7f7fe1978000-7f7fe1979000 rw-p 00004000 08:01 2628079                    /usr/lib/jvm/java-6-openjdk/jre/lib/amd64/libdt_socket.so
7f7fe1979000-7f7fe197c000 ---p 00000000 00:00 0 
7f7fe197c000-7f7fe1a7a000 rw-p 00000000 00:00 0 
7f7fe1a7a000-7f7fe1a7d000 ---p 00000000 00:00 0 
7f7fe1a7d000-7f7fe1b7b000 rw-p 00000000 00:00 0 
7f7fe1b7b000-7f7fe1b7e000 ---p 00000000 00:00 0 
7f7fe1b7e000-7f7fe1c7c000 rw-p 00000000 00:00 0 
7f7fe1c7c000-7f7fe1c7d000 ---p 00000000 00:00 0 
7f7fe1c7d000-7f7fe20b3000 rw-p 00000000 00:00 0 
7f7fe20b3000-7f7fe2244000 r--s 037b8000 08:01 2496959                    /usr/lib/jvm/java-6-openjdk/jre/lib/rt.jar
7f7fe2244000-7f7fe226c000 rw-p 00000000 00:00 0 
7f7fe226c000-7f7fe226d000 ---p 00000000 00:00 0 
7f7fe226d000-7f7fe236d000 rw-p 00000000 00:00 0 
7f7fe236d000-7f7fe236e000 ---p 00000000 00:00 0 
7f7fe236e000-7f7fe2486000 rw-p 00000000 00:00 0 
7f7fe2486000-7f7fe24c1000 rw-p 00000000 00:00 0 
7f7fe24c1000-7f7fe24d6000 rw-p 00000000 00:00 0 
7f7fe24d6000-7f7fe2609000 rw-p 00000000 00:00 0 
7f7fe2609000-7f7fe2621000 rw-p 00000000 00:00 0 
7f7fe2621000-7f7fe265c000 rw-p 00000000 00:00 0 
7f7fe265c000-7f7fe2671000 rw-p 00000000 00:00 0 
7f7fe2671000-7f7fe27a3000 rw-p 00000000 00:00 0 
7f7fe27a3000-7f7fe27ac000 rw-p 00000000 00:00 0 
7f7fe27ac000-7f7fe27bb000 ---p 00000000 00:00 0 
7f7fe27bb000-7f7fe2847000 rw-p 00000000 00:00 0 
7f7fe2847000-7f7fe2848000 rw-p 00000000 00:00 0 
7f7fe2848000-7f7fe2d58000 rwxp 00000000 00:00 0 
7f7fe2d58000-7f7fe5848000 rw-p 00000000 00:00 0 
7f7fe5848000-7f7fe584f000 r-xp 00000000 08:01 2628100                    /usr/lib/jvm/java-6-openjdk/jre/lib/amd64/libzip.so
7f7fe584f000-7f7fe5a4e000 ---p 00007000 08:01 2628100                    /usr/lib/jvm/java-6-openjdk/jre/lib/amd64/libzip.so
7f7fe5a4e000-7f7fe5a4f000 r--p 00006000 08:01 2628100                    /usr/lib/jvm/java-6-openjdk/jre/lib/amd64/libzip.so
7f7fe5a4f000-7f7fe5a50000 rw-p 00007000 08:01 2628100                    /usr/lib/jvm/java-6-openjdk/jre/lib/amd64/libzip.so
7f7fe5a50000-7f7fe5a5c000 r-xp 00000000 08:01 6033103                    /lib/x86_64-linux-gnu/libnss_files-2.13.so
7f7fe5a5c000-7f7fe5c5b000 ---p 0000c000 08:01 6033103                    /lib/x86_64-linux-gnu/libnss_files-2.13.so
7f7fe5c5b000-7f7fe5c5c000 r--p 0000b000 08:01 6033103                    /lib/x86_64-linux-gnu/libnss_files-2.13.so
7f7fe5c5c000-7f7fe5c5d000 rw-p 0000c000 08:01 6033103                    /lib/x86_64-linux-gnu/libnss_files-2.13.so
7f7fe5c5d000-7f7fe5c67000 r-xp 00000000 08:01 6033107                    /lib/x86_64-linux-gnu/libnss_nis-2.13.so
7f7fe5c67000-7f7fe5e67000 ---p 0000a000 08:01 6033107                    /lib/x86_64-linux-gnu/libnss_nis-2.13.so
7f7fe5e67000-7f7fe5e68000 r--p 0000a000 08:01 6033107                    /lib/x86_64-linux-gnu/libnss_nis-2.13.so
7f7fe5e68000-7f7fe5e69000 rw-p 0000b000 08:01 6033107                    /lib/x86_64-linux-gnu/libnss_nis-2.13.so
7f7fe5e69000-7f7fe5e80000 r-xp 00000000 08:01 6033097                    /lib/x86_64-linux-gnu/libnsl-2.13.so
7f7fe5e80000-7f7fe607f000 ---p 00017000 08:01 6033097                    /lib/x86_64-linux-gnu/libnsl-2.13.so
7f7fe607f000-7f7fe6080000 r--p 00016000 08:01 6033097                    /lib/x86_64-linux-gnu/libnsl-2.13.so
7f7fe6080000-7f7fe6081000 rw-p 00017000 08:01 6033097                    /lib/x86_64-linux-gnu/libnsl-2.13.so
7f7fe6081000-7f7fe6083000 rw-p 00000000 00:00 0 
7f7fe6083000-7f7fe608b000 r-xp 00000000 08:01 6033099                    /lib/x86_64-linux-gnu/libnss_compat-2.13.so
7f7fe608b000-7f7fe628a000 ---p 00008000 08:01 6033099                    /lib/x86_64-linux-gnu/libnss_compat-2.13.so
7f7fe628a000-7f7fe628b000 r--p 00007000 08:01 6033099                    /lib/x86_64-linux-gnu/libnss_compat-2.13.so
7f7fe628b000-7f7fe628c000 rw-p 00008000 08:01 6033099                    /lib/x86_64-linux-gnu/libnss_compat-2.13.so
7f7fe628c000-7f7fe6970000 r--p 00000000 08:01 2234535                    /usr/lib/locale/locale-archive
7f7fe6970000-7f7fe6973000 r-xp 00000000 08:01 2628092                    /usr/lib/jvm/java-6-openjdk/jre/lib/amd64/libnpt.so
7f7fe6973000-7f7fe6b72000 ---p 00003000 08:01 2628092                    /usr/lib/jvm/java-6-openjdk/jre/lib/amd64/libnpt.so
7f7fe6b72000-7f7fe6b73000 r--p 00002000 08:01 2628092                    /usr/lib/jvm/java-6-openjdk/jre/lib/amd64/libnpt.so
7f7fe6b73000-7f7fe6b74000 rw-p 00003000 08:01 2628092                    /usr/lib/jvm/java-6-openjdk/jre/lib/amd64/libnpt.so
7f7fe6b74000-7f7fe6b7d000 r-xp 00000000 08:01 2628095                    /usr/lib/jvm/java-6-openjdk/jre/lib/amd64/libinstrument.so
7f7fe6b7d000-7f7fe6d7d000 ---p 00009000 08:01 2628095                    /usr/lib/jvm/java-6-openjdk/jre/lib/amd64/libinstrument.so
7f7fe6d7d000-7f7fe6d7e000 r--p 00009000 08:01 2628095                    /usr/lib/jvm/java-6-openjdk/jre/lib/amd64/libinstrument.so
7f7fe6d7e000-7f7fe6d7f000 rw-p 0000a000 08:01 2628095                    /usr/lib/jvm/java-6-openjdk/jre/lib/amd64/libinstrument.so
7f7fe6d7f000-7f7fe6db9000 r-xp 00000000 08:01 2628091                    /usr/lib/jvm/java-6-openjdk/jre/lib/amd64/libjdwp.so
7f7fe6db9000-7f7fe6fb8000 ---p 0003a000 08:01 2628091                    /usr/lib/jvm/java-6-openjdk/jre/lib/amd64/libjdwp.so
7f7fe6fb8000-7f7fe6fb9000 r--p 00039000 08:01 2628091                    /usr/lib/jvm/java-6-openjdk/jre/lib/amd64/libjdwp.so
7f7fe6fb9000-7f7fe6fba000 rw-p 0003a000 08:01 2628091                    /usr/lib/jvm/java-6-openjdk/jre/lib/amd64/libjdwp.so
7f7fe6fba000-7f7fe6fe6000 r-xp 00000000 08:01 2628099                    /usr/lib/jvm/java-6-openjdk/jre/lib/amd64/libjava.so
7f7fe6fe6000-7f7fe71e5000 ---p 0002c000 08:01 2628099                    /usr/lib/jvm/java-6-openjdk/jre/lib/amd64/libjava.so
7f7fe71e5000-7f7fe71e6000 r--p 0002b000 08:01 2628099                    /usr/lib/jvm/java-6-openjdk/jre/lib/amd64/libjava.so
7f7fe71e6000-7f7fe71e9000 rw-p 0002c000 08:01 2628099                    /usr/lib/jvm/java-6-openjdk/jre/lib/amd64/libjava.so
7f7fe71e9000-7f7fe71f7000 r-xp 00000000 08:01 2628085                    /usr/lib/jvm/java-6-openjdk/jre/lib/amd64/libverify.so
7f7fe71f7000-7f7fe73f6000 ---p 0000e000 08:01 2628085                    /usr/lib/jvm/java-6-openjdk/jre/lib/amd64/libverify.so
7f7fe73f6000-7f7fe73f8000 r--p 0000d000 08:01 2628085                    /usr/lib/jvm/java-6-openjdk/jre/lib/amd64/libverify.so
7f7fe73f8000-7f7fe73f9000 rw-p 0000f000 08:01 2628085                    /usr/lib/jvm/java-6-openjdk/jre/lib/amd64/libverify.so
7f7fe73f9000-7f7fe7400000 r-xp 00000000 08:01 6033126                    /lib/x86_64-linux-gnu/librt-2.13.so
7f7fe7400000-7f7fe75ff000 ---p 00007000 08:01 6033126                    /lib/x86_64-linux-gnu/librt-2.13.so
7f7fe75ff000-7f7fe7600000 r--p 00006000 08:01 6033126                    /lib/x86_64-linux-gnu/librt-2.13.so
7f7fe7600000-7f7fe7601000 rw-p 00007000 08:01 6033126                    /lib/x86_64-linux-gnu/librt-2.13.so
7f7fe7601000-7f7fe7616000 r-xp 00000000 08:01 6033083                    /lib/x86_64-linux-gnu/libgcc_s.so.1
7f7fe7616000-7f7fe7815000 ---p 00015000 08:01 6033083                    /lib/x86_64-linux-gnu/libgcc_s.so.1
7f7fe7815000-7f7fe7816000 r--p 00014000 08:01 6033083                    /lib/x86_64-linux-gnu/libgcc_s.so.1
7f7fe7816000-7f7fe7817000 rw-p 00015000 08:01 6033083                    /lib/x86_64-linux-gnu/libgcc_s.so.1
7f7fe7817000-7f7fe789a000 r-xp 00000000 08:01 6033092                    /lib/x86_64-linux-gnu/libm-2.13.so
7f7fe789a000-7f7fe7a99000 ---p 00083000 08:01 6033092                    /lib/x86_64-linux-gnu/libm-2.13.so
7f7fe7a99000-7f7fe7a9a000 r--p 00082000 08:01 6033092                    /lib/x86_64-linux-gnu/libm-2.13.so
7f7fe7a9a000-7f7fe7a9b000 rw-p 00083000 08:01 6033092                    /lib/x86_64-linux-gnu/libm-2.13.so
7f7fe7a9b000-7f7fe7b83000 r-xp 00000000 08:01 2235758                    /usr/lib/x86_64-linux-gnu/libstdc++.so.6.0.16
7f7fe7b83000-7f7fe7d83000 ---p 000e8000 08:01 2235758                    /usr/lib/x86_64-linux-gnu/libstdc++.so.6.0.16
7f7fe7d83000-7f7fe7d8b000 r--p 000e8000 08:01 2235758                    /usr/lib/x86_64-linux-gnu/libstdc++.so.6.0.16
7f7fe7d8b000-7f7fe7d8d000 rw-p 000f0000 08:01 2235758                    /usr/lib/x86_64-linux-gnu/libstdc++.so.6.0.16
7f7fe7d8d000-7f7fe7da2000 rw-p 00000000 00:00 0 
7f7fe7da2000-7f7fe86a5000 r-xp 00000000 08:01 3018679                    /usr/lib/jvm/java-6-openjdk/jre/lib/amd64/server/libjvm.so
7f7fe86a5000-7f7fe88a4000 ---p 00903000 08:01 3018679                    /usr/lib/jvm/java-6-openjdk/jre/lib/amd64/server/libjvm.so
7f7fe88a4000-7f7fe8925000 r--p 00902000 08:01 3018679                    /usr/lib/jvm/java-6-openjdk/jre/lib/amd64/server/libjvm.so
7f7fe8925000-7f7fe8940000 rw-p 00983000 08:01 3018679                    /usr/lib/jvm/java-6-openjdk/jre/lib/amd64/server/libjvm.so
7f7fe8940000-7f7fe8969000 rw-p 00000000 00:00 0 
7f7fe8969000-7f7fe8980000 r-xp 00000000 08:01 6033145                    /lib/x86_64-linux-gnu/libz.so.1.2.3.4
7f7fe8980000-7f7fe8b7f000 ---p 00017000 08:01 6033145                    /lib/x86_64-linux-gnu/libz.so.1.2.3.4
7f7fe8b7f000-7f7fe8b80000 r--p 00016000 08:01 6033145                    /lib/x86_64-linux-gnu/libz.so.1.2.3.4
7f7fe8b80000-7f7fe8b81000 rw-p 00017000 08:01 6033145                    /lib/x86_64-linux-gnu/libz.so.1.2.3.4
7f7fe8b81000-7f7fe8d16000 r-xp 00000000 08:01 6033062                    /lib/x86_64-linux-gnu/libc-2.13.so
7f7fe8d16000-7f7fe8f15000 ---p 00195000 08:01 6033062                    /lib/x86_64-linux-gnu/libc-2.13.so
7f7fe8f15000-7f7fe8f19000 r--p 00194000 08:01 6033062                    /lib/x86_64-linux-gnu/libc-2.13.so
7f7fe8f19000-7f7fe8f1a000 rw-p 00198000 08:01 6033062                    /lib/x86_64-linux-gnu/libc-2.13.so
7f7fe8f1a000-7f7fe8f20000 rw-p 00000000 00:00 0 
7f7fe8f20000-7f7fe8f22000 r-xp 00000000 08:01 6033073                    /lib/x86_64-linux-gnu/libdl-2.13.so
7f7fe8f22000-7f7fe9122000 ---p 00002000 08:01 6033073                    /lib/x86_64-linux-gnu/libdl-2.13.so
7f7fe9122000-7f7fe9123000 r--p 00002000 08:01 6033073                    /lib/x86_64-linux-gnu/libdl-2.13.so
7f7fe9123000-7f7fe9124000 rw-p 00003000 08:01 6033073                    /lib/x86_64-linux-gnu/libdl-2.13.so
7f7fe9124000-7f7fe9128000 r-xp 00000000 08:01 2887480                    /usr/lib/jvm/java-6-openjdk/jre/lib/amd64/jli/libjli.so
7f7fe9128000-7f7fe9327000 ---p 00004000 08:01 2887480                    /usr/lib/jvm/java-6-openjdk/jre/lib/amd64/jli/libjli.so
7f7fe9327000-7f7fe9328000 r--p 00003000 08:01 2887480                    /usr/lib/jvm/java-6-openjdk/jre/lib/amd64/jli/libjli.so
7f7fe9328000-7f7fe9329000 rw-p 00004000 08:01 2887480                    /usr/lib/jvm/java-6-openjdk/jre/lib/amd64/jli/libjli.so
7f7fe9329000-7f7fe9341000 r-xp 00000000 08:01 6033122                    /lib/x86_64-linux-gnu/libpthread-2.13.so
7f7fe9341000-7f7fe9540000 ---p 00018000 08:01 6033122                    /lib/x86_64-linux-gnu/libpthread-2.13.so
7f7fe9540000-7f7fe9541000 r--p 00017000 08:01 6033122                    /lib/x86_64-linux-gnu/libpthread-2.13.so
7f7fe9541000-7f7fe9542000 rw-p 00018000 08:01 6033122                    /lib/x86_64-linux-gnu/libpthread-2.13.so
7f7fe9542000-7f7fe9546000 rw-p 00000000 00:00 0 
7f7fe9546000-7f7fe9567000 r-xp 00000000 08:01 6033049                    /lib/x86_64-linux-gnu/ld-2.13.so
7f7fe9568000-7f7fe956a000 r--s 00005000 08:01 9571931                    /opt/play-1.2.4/framework/lib/slf4j-api-1.6.1.jar
7f7fe956a000-7f7fe9574000 r--s 0006f000 08:01 9571893                    /opt/play-1.2.4/framework/lib/ehcache-core-2.0.0.jar
7f7fe9574000-7f7fe9575000 r--s 00002000 08:01 9571932                    /opt/play-1.2.4/framework/lib/slf4j-log4j12-1.6.1.jar
7f7fe9575000-7f7fe9579000 r--s 00027000 08:01 9571897                    /opt/play-1.2.4/framework/lib/gson-1.7.1.jar
7f7fe9579000-7f7fe957a000 r--s 00001000 08:01 9700211                    /opt/play-1.2.4/modules/testrunner/lib/play-testrunner.jar
7f7fe957a000-7f7fe957d000 r--s 0007d000 08:01 2496906                    /usr/lib/jvm/java-6-openjdk/jre/lib/jsse.jar
7f7fe957d000-7f7fe9589000 r--s 000c2000 08:01 9573108                    /opt/play-1.2.4/framework/play-1.2.x-localbuild.jar
7f7fe9589000-7f7fe958b000 r--s 0000f000 08:01 2496935                    /usr/lib/jvm/java-6-openjdk/jre/lib/ext/pulse-java.jar
7f7fe958b000-7f7fe95a0000 rw-p 00000000 00:00 0 
7f7fe95a0000-7f7fe964b000 rw-p 00000000 00:00 0 
7f7fe964b000-7f7fe964e000 ---p 00000000 00:00 0 
7f7fe964e000-7f7fe9752000 rw-p 00000000 00:00 0 
7f7fe9752000-7f7fe975a000 r--s 00066000 08:01 2628196                    /usr/share/java/gnome-java-bridge.jar
7f7fe975a000-7f7fe9762000 rw-s 00000000 08:01 2885926                    /tmp/hsperfdata_root/4223
7f7fe9762000-7f7fe9763000 rw-p 00000000 00:00 0 
7f7fe9763000-7f7fe9764000 r--p 00000000 00:00 0 
7f7fe9764000-7f7fe9766000 rw-p 00000000 00:00 0 
7f7fe9766000-7f7fe9767000 r--p 00020000 08:01 6033049                    /lib/x86_64-linux-gnu/ld-2.13.so
7f7fe9767000-7f7fe9769000 rw-p 00021000 08:01 6033049                    /lib/x86_64-linux-gnu/ld-2.13.so
7fff63d26000-7fff63d48000 rw-p 00000000 00:00 0                          [stack]
7fff63dff000-7fff63e00000 r-xp 00000000 00:00 0                          [vdso]
ffffffffff600000-ffffffffff601000 r-xp 00000000 00:00 0                  [vsyscall]

VM Arguments:
jvm_args: -javaagent:/opt/play-1.2.4/framework/play-1.2.x-localbuild.jar -XX:-UseSplitVerifier -Dfile.encoding=utf-8 -Xdebug -Xrunjdwp:transport=dt_socket,address=8000,server=y,suspend=n -Dplay.debug=yes -Dapplication.path=/home/dominik/workspace/secendHand -Dplay.id=test 
java_command: play.server.Server 
Launcher Type: SUN_STANDARD

Environment Variables:
PATH=/usr/lib/lightdm/lightdm:/usr/local/sbin:/usr/local/bin:/usr/sbin:/usr/bin:/sbin:/bin:/usr/games
USERNAME=root
LD_LIBRARY_PATH=/usr/lib/jvm/java-6-openjdk/jre/lib/amd64/server:/usr/lib/jvm/java-6-openjdk/jre/lib/amd64:/usr/lib/jvm/java-6-openjdk/jre/../lib/amd64
SHELL=/bin/bash
DISPLAY=:0.0

Signal Handlers:
SIGSEGV: [libjvm.so+0x783e60], sa_mask[0]=0x7ffbfeff, sa_flags=0x10000004
SIGBUS: [libjvm.so+0x783e60], sa_mask[0]=0x7ffbfeff, sa_flags=0x10000004
SIGFPE: [libjvm.so+0x6485c0], sa_mask[0]=0x7ffbfeff, sa_flags=0x10000004
SIGPIPE: [libjvm.so+0x6485c0], sa_mask[0]=0x7ffbfeff, sa_flags=0x10000004
SIGXFSZ: [libjvm.so+0x6485c0], sa_mask[0]=0x7ffbfeff, sa_flags=0x10000004
SIGILL: [libjvm.so+0x6485c0], sa_mask[0]=0x7ffbfeff, sa_flags=0x10000004
SIGUSR1: SIG_DFL, sa_mask[0]=0x00000000, sa_flags=0x00000000
SIGUSR2: [libjvm.so+0x648770], sa_mask[0]=0x00000000, sa_flags=0x10000004
SIGHUP: [libjvm.so+0x64b280], sa_mask[0]=0x7ffbfeff, sa_flags=0x10000004
SIGINT: [libjvm.so+0x64b280], sa_mask[0]=0x7ffbfeff, sa_flags=0x10000004
SIGTERM: [libjvm.so+0x64b280], sa_mask[0]=0x7ffbfeff, sa_flags=0x10000004
SIGQUIT: [libjvm.so+0x64b280], sa_mask[0]=0x7ffbfeff, sa_flags=0x10000004


---------------  S Y S T E M  ---------------

OS:Ubuntu 11.10 (oneiric)
uname:Linux 3.0.0-14-generic #23-Ubuntu SMP Mon Nov 21 20:28:43 UTC 2011 x86_64
libc:glibc 2.13 NPTL 2.13 
rlimit: STACK 8192k, CORE 0k, NPROC 31275, NOFILE 4096, AS infinity
load average:0.00 0.05 0.05

/proc/meminfo:
MemTotal:        4019136 kB
MemFree:          726180 kB
Buffers:          182404 kB
Cached:          1102280 kB
SwapCached:            0 kB
Active:          2444740 kB
Inactive:         617340 kB
Active(anon):    2153072 kB
Inactive(anon):    84040 kB
Active(file):     291668 kB
Inactive(file):   533300 kB
Unevictable:           0 kB
Mlocked:               0 kB
SwapTotal:       4152316 kB
SwapFree:        4152316 kB
Dirty:               276 kB
Writeback:             0 kB
AnonPages:       1777352 kB
Mapped:           141960 kB
Shmem:            459720 kB
Slab:             116160 kB
SReclaimable:      90956 kB
SUnreclaim:        25204 kB
KernelStack:        3104 kB
PageTables:        23212 kB
NFS_Unstable:          0 kB
Bounce:                0 kB
WritebackTmp:          0 kB
CommitLimit:     6161884 kB
Committed_AS:    3761676 kB
VmallocTotal:   34359738367 kB
VmallocUsed:      572540 kB
VmallocChunk:   34359135304 kB
HardwareCorrupted:     0 kB
AnonHugePages:         0 kB
HugePages_Total:       0
HugePages_Free:        0
HugePages_Rsvd:        0
HugePages_Surp:        0
Hugepagesize:       2048 kB
DirectMap4k:       60812 kB
DirectMap2M:     4096000 kB


CPU:total 2 (2 cores per cpu, 1 threads per core) family 6 model 15 stepping 13, cmov, cx8, fxsr, mmx, sse, sse2, sse3, ssse3

Memory: 4k page, physical 4019136k(726180k free), swap 4152316k(4152316k free)

vm_info: OpenJDK 64-Bit Server VM (20.0-b11) for linux-amd64 JRE (1.6.0_23-b23), built on Oct 22 2011 01:00:57 by "buildd" with gcc 4.6.1

time: Mon Dec 19 15:23:11 2011
elapsed time: 5976 seconds

